<?xml version="1.0" encoding="UTF-8"?>
<testsuite xmlns:xsi="http://www.w3.org/2001/XMLSchema-instance" xsi:noNamespaceSchemaLocation="https://maven.apache.org/surefire/maven-surefire-plugin/xsd/surefire-test-report-3.0.xsd" version="3.0" name="org.quarkus.samples.petclinic.VetsResourceTest" time="0.032" tests="1" errors="0" skipped="0" failures="0">
  <properties>
    <property name="java.specification.version" value="17"/>
    <property name="sun.jnu.encoding" value="UTF-8"/>
    <property name="test.url" value="http://localhost:8081"/>
    <property name="java.class.path" value="/home/vbalasub/DEV/openshift-quickstarts/quarkus-petclinic/target/test-classes:/home/vbalasub/DEV/openshift-quickstarts/quarkus-petclinic/target/classes:/home/vbalasub/.m2/repository/io/quarkus/quarkus-resteasy-reactive-jackson/3.8.4/quarkus-resteasy-reactive-jackson-3.8.4.jar:/home/vbalasub/.m2/repository/io/quarkus/quarkus-resteasy-reactive/3.8.4/quarkus-resteasy-reactive-3.8.4.jar:/home/vbalasub/.m2/repository/io/quarkus/quarkus-resteasy-reactive-common/3.8.4/quarkus-resteasy-reactive-common-3.8.4.jar:/home/vbalasub/.m2/repository/io/quarkus/resteasy/reactive/resteasy-reactive-common/3.8.4/resteasy-reactive-common-3.8.4.jar:/home/vbalasub/.m2/repository/io/quarkus/resteasy/reactive/resteasy-reactive-common-types/3.8.4/resteasy-reactive-common-types-3.8.4.jar:/home/vbalasub/.m2/repository/org/reactivestreams/reactive-streams/1.0.4/reactive-streams-1.0.4.jar:/home/vbalasub/.m2/repository/io/quarkus/resteasy/reactive/resteasy-reactive-vertx/3.8.4/resteasy-reactive-vertx-3.8.4.jar:/home/vbalasub/.m2/repository/io/smallrye/reactive/smallrye-mutiny-vertx-core/3.11.0/smallrye-mutiny-vertx-core-3.11.0.jar:/home/vbalasub/.m2/repository/io/smallrye/reactive/smallrye-mutiny-vertx-runtime/3.11.0/smallrye-mutiny-vertx-runtime-3.11.0.jar:/home/vbalasub/.m2/repository/io/smallrye/reactive/vertx-mutiny-generator/3.11.0/vertx-mutiny-generator-3.11.0.jar:/home/vbalasub/.m2/repository/io/vertx/vertx-codegen/4.5.7/vertx-codegen-4.5.7.jar:/home/vbalasub/.m2/repository/io/quarkus/quarkus-jsonp/3.8.4/quarkus-jsonp-3.8.4.jar:/home/vbalasub/.m2/repository/org/eclipse/parsson/parsson/1.1.5/parsson-1.1.5.jar:/home/vbalasub/.m2/repository/io/quarkus/quarkus-virtual-threads/3.8.4/quarkus-virtual-threads-3.8.4.jar:/home/vbalasub/.m2/repository/io/vertx/vertx-core/4.5.7/vertx-core-4.5.7.jar:/home/vbalasub/.m2/repository/io/netty/netty-common/4.1.108.Final/netty-common-4.1.108.Final.jar:/home/vbalasub/.m2/repository/io/netty/netty-buffer/4.1.108.Final/netty-buffer-4.1.108.Final.jar:/home/vbalasub/.m2/repository/io/netty/netty-transport/4.1.108.Final/netty-transport-4.1.108.Final.jar:/home/vbalasub/.m2/repository/io/netty/netty-handler/4.1.108.Final/netty-handler-4.1.108.Final.jar:/home/vbalasub/.m2/repository/io/netty/netty-transport-native-unix-common/4.1.108.Final/netty-transport-native-unix-common-4.1.108.Final.jar:/home/vbalasub/.m2/repository/io/netty/netty-handler-proxy/4.1.108.Final/netty-handler-proxy-4.1.108.Final.jar:/home/vbalasub/.m2/repository/io/netty/netty-codec-socks/4.1.108.Final/netty-codec-socks-4.1.108.Final.jar:/home/vbalasub/.m2/repository/io/netty/netty-codec-http/4.1.108.Final/netty-codec-http-4.1.108.Final.jar:/home/vbalasub/.m2/repository/io/netty/netty-codec-http2/4.1.108.Final/netty-codec-http2-4.1.108.Final.jar:/home/vbalasub/.m2/repository/io/netty/netty-resolver/4.1.108.Final/netty-resolver-4.1.108.Final.jar:/home/vbalasub/.m2/repository/io/netty/netty-resolver-dns/4.1.108.Final/netty-resolver-dns-4.1.108.Final.jar:/home/vbalasub/.m2/repository/io/netty/netty-codec-dns/4.1.108.Final/netty-codec-dns-4.1.108.Final.jar:/home/vbalasub/.m2/repository/io/quarkus/quarkus-resteasy-reactive-jackson-common/3.8.4/quarkus-resteasy-reactive-jackson-common-3.8.4.jar:/home/vbalasub/.m2/repository/io/quarkus/quarkus-jackson/3.8.4/quarkus-jackson-3.8.4.jar:/home/vbalasub/.m2/repository/com/fasterxml/jackson/datatype/jackson-datatype-jsr310/2.16.1/jackson-datatype-jsr310-2.16.1.jar:/home/vbalasub/.m2/repository/com/fasterxml/jackson/datatype/jackson-datatype-jdk8/2.16.1/jackson-datatype-jdk8-2.16.1.jar:/home/vbalasub/.m2/repository/com/fasterxml/jackson/module/jackson-module-parameter-names/2.16.1/jackson-module-parameter-names-2.16.1.jar:/home/vbalasub/.m2/repository/io/quarkus/quarkus-resteasy-reactive-qute/3.8.4/quarkus-resteasy-reactive-qute-3.8.4.jar:/home/vbalasub/.m2/repository/io/quarkus/quarkus-core/3.8.4/quarkus-core-3.8.4.jar:/home/vbalasub/.m2/repository/jakarta/annotation/jakarta.annotation-api/2.1.1/jakarta.annotation-api-2.1.1.jar:/home/vbalasub/.m2/repository/jakarta/enterprise/jakarta.enterprise.cdi-api/4.0.1/jakarta.enterprise.cdi-api-4.0.1.jar:/home/vbalasub/.m2/repository/jakarta/enterprise/jakarta.enterprise.lang-model/4.0.1/jakarta.enterprise.lang-model-4.0.1.jar:/home/vbalasub/.m2/repository/jakarta/interceptor/jakarta.interceptor-api/2.1.0/jakarta.interceptor-api-2.1.0.jar:/home/vbalasub/.m2/repository/jakarta/inject/jakarta.inject-api/2.0.1/jakarta.inject-api-2.0.1.jar:/home/vbalasub/.m2/repository/io/smallrye/common/smallrye-common-os/2.2.0/smallrye-common-os-2.2.0.jar:/home/vbalasub/.m2/repository/io/quarkus/quarkus-ide-launcher/3.8.4/quarkus-ide-launcher-3.8.4.jar:/home/vbalasub/.m2/repository/io/quarkus/quarkus-development-mode-spi/3.8.4/quarkus-development-mode-spi-3.8.4.jar:/home/vbalasub/.m2/repository/io/smallrye/config/smallrye-config/3.5.4/smallrye-config-3.5.4.jar:/home/vbalasub/.m2/repository/io/smallrye/config/smallrye-config-core/3.5.4/smallrye-config-core-3.5.4.jar:/home/vbalasub/.m2/repository/org/eclipse/microprofile/config/microprofile-config-api/3.0.3/microprofile-config-api-3.0.3.jar:/home/vbalasub/.m2/repository/io/smallrye/common/smallrye-common-classloader/2.2.0/smallrye-common-classloader-2.2.0.jar:/home/vbalasub/.m2/repository/io/smallrye/config/smallrye-config-common/3.5.4/smallrye-config-common-3.5.4.jar:/home/vbalasub/.m2/repository/org/jboss/logging/jboss-logging/3.5.3.Final/jboss-logging-3.5.3.Final.jar:/home/vbalasub/.m2/repository/org/jboss/logmanager/jboss-logmanager/3.0.4.Final/jboss-logmanager-3.0.4.Final.jar:/home/vbalasub/.m2/repository/io/smallrye/common/smallrye-common-constraint/2.2.0/smallrye-common-constraint-2.2.0.jar:/home/vbalasub/.m2/repository/io/smallrye/common/smallrye-common-cpu/2.2.0/smallrye-common-cpu-2.2.0.jar:/home/vbalasub/.m2/repository/io/smallrye/common/smallrye-common-expression/2.2.0/smallrye-common-expression-2.2.0.jar:/home/vbalasub/.m2/repository/io/smallrye/common/smallrye-common-function/2.2.0/smallrye-common-function-2.2.0.jar:/home/vbalasub/.m2/repository/io/smallrye/common/smallrye-common-net/2.2.0/smallrye-common-net-2.2.0.jar:/home/vbalasub/.m2/repository/io/smallrye/common/smallrye-common-ref/2.2.0/smallrye-common-ref-2.2.0.jar:/home/vbalasub/.m2/repository/jakarta/json/jakarta.json-api/2.1.3/jakarta.json-api-2.1.3.jar:/home/vbalasub/.m2/repository/org/jboss/logging/jboss-logging-annotations/2.2.1.Final/jboss-logging-annotations-2.2.1.Final.jar:/home/vbalasub/.m2/repository/org/jboss/threads/jboss-threads/3.5.1.Final/jboss-threads-3.5.1.Final.jar:/home/vbalasub/.m2/repository/org/slf4j/slf4j-api/2.0.6/slf4j-api-2.0.6.jar:/home/vbalasub/.m2/repository/org/jboss/slf4j/slf4j-jboss-logmanager/2.0.0.Final/slf4j-jboss-logmanager-2.0.0.Final.jar:/home/vbalasub/.m2/repository/org/wildfly/common/wildfly-common/1.7.0.Final/wildfly-common-1.7.0.Final.jar:/home/vbalasub/.m2/repository/io/quarkus/quarkus-bootstrap-runner/3.8.4/quarkus-bootstrap-runner-3.8.4.jar:/home/vbalasub/.m2/repository/io/quarkus/quarkus-fs-util/0.0.10/quarkus-fs-util-0.0.10.jar:/home/vbalasub/.m2/repository/io/quarkus/quarkus-arc/3.8.4/quarkus-arc-3.8.4.jar:/home/vbalasub/.m2/repository/io/quarkus/arc/arc/3.8.4/arc-3.8.4.jar:/home/vbalasub/.m2/repository/io/smallrye/reactive/mutiny/2.5.8/mutiny-2.5.8.jar:/home/vbalasub/.m2/repository/org/eclipse/microprofile/context-propagation/microprofile-context-propagation-api/1.3/microprofile-context-propagation-api-1.3.jar:/home/vbalasub/.m2/repository/io/quarkus/quarkus-qute/3.8.4/quarkus-qute-3.8.4.jar:/home/vbalasub/.m2/repository/io/quarkus/qute/qute-core/3.8.4/qute-core-3.8.4.jar:/home/vbalasub/.m2/repository/io/quarkus/quarkus-rest-client-reactive-jackson/3.8.4/quarkus-rest-client-reactive-jackson-3.8.4.jar:/home/vbalasub/.m2/repository/io/quarkus/resteasy/reactive/resteasy-reactive-jackson/3.8.4/resteasy-reactive-jackson-3.8.4.jar:/home/vbalasub/.m2/repository/io/quarkus/resteasy/reactive/resteasy-reactive/3.8.4/resteasy-reactive-3.8.4.jar:/home/vbalasub/.m2/repository/com/fasterxml/jackson/core/jackson-databind/2.16.1/jackson-databind-2.16.1.jar:/home/vbalasub/.m2/repository/com/fasterxml/jackson/core/jackson-annotations/2.16.1/jackson-annotations-2.16.1.jar:/home/vbalasub/.m2/repository/com/fasterxml/jackson/core/jackson-core/2.16.1/jackson-core-2.16.1.jar:/home/vbalasub/.m2/repository/org/jboss/logging/commons-logging-jboss-logging/1.0.0.Final/commons-logging-jboss-logging-1.0.0.Final.jar:/home/vbalasub/.m2/repository/jakarta/xml/bind/jakarta.xml.bind-api/4.0.1/jakarta.xml.bind-api-4.0.1.jar:/home/vbalasub/.m2/repository/jakarta/activation/jakarta.activation-api/2.1.2/jakarta.activation-api-2.1.2.jar:/home/vbalasub/.m2/repository/io/quarkus/quarkus-rest-client-reactive/3.8.4/quarkus-rest-client-reactive-3.8.4.jar:/home/vbalasub/.m2/repository/io/quarkus/quarkus-jaxrs-client-reactive/3.8.4/quarkus-jaxrs-client-reactive-3.8.4.jar:/home/vbalasub/.m2/repository/io/quarkus/resteasy/reactive/resteasy-reactive-client/3.8.4/resteasy-reactive-client-3.8.4.jar:/home/vbalasub/.m2/repository/io/vertx/vertx-web-client/4.5.7/vertx-web-client-4.5.7.jar:/home/vbalasub/.m2/repository/io/quarkus/quarkus-smallrye-stork/3.8.4/quarkus-smallrye-stork-3.8.4.jar:/home/vbalasub/.m2/repository/io/quarkus/quarkus-rest-client-config/3.8.4/quarkus-rest-client-config-3.8.4.jar:/home/vbalasub/.m2/repository/io/smallrye/stork/stork-api/2.5.0/stork-api-2.5.0.jar:/home/vbalasub/.m2/repository/io/smallrye/stork/stork-core/2.5.0/stork-core-2.5.0.jar:/home/vbalasub/.m2/repository/org/eclipse/microprofile/rest/client/microprofile-rest-client-api/3.0.1/microprofile-rest-client-api-3.0.1.jar:/home/vbalasub/.m2/repository/io/quarkus/quarkus-hibernate-orm-panache/3.8.4/quarkus-hibernate-orm-panache-3.8.4.jar:/home/vbalasub/.m2/repository/io/quarkus/quarkus-hibernate-orm/3.8.4/quarkus-hibernate-orm-3.8.4.jar:/home/vbalasub/.m2/repository/io/quarkus/quarkus-agroal/3.8.4/quarkus-agroal-3.8.4.jar:/home/vbalasub/.m2/repository/io/quarkus/quarkus-datasource/3.8.4/quarkus-datasource-3.8.4.jar:/home/vbalasub/.m2/repository/io/agroal/agroal-api/2.3/agroal-api-2.3.jar:/home/vbalasub/.m2/repository/io/agroal/agroal-narayana/2.3/agroal-narayana-2.3.jar:/home/vbalasub/.m2/repository/org/jboss/jboss-transaction-spi/8.0.0.Final/jboss-transaction-spi-8.0.0.Final.jar:/home/vbalasub/.m2/repository/io/agroal/agroal-pool/2.3/agroal-pool-2.3.jar:/home/vbalasub/.m2/repository/io/quarkus/quarkus-narayana-jta/3.8.4/quarkus-narayana-jta-3.8.4.jar:/home/vbalasub/.m2/repository/io/quarkus/quarkus-transaction-annotations/3.8.4/quarkus-transaction-annotations-3.8.4.jar:/home/vbalasub/.m2/repository/io/quarkus/quarkus-datasource-common/3.8.4/quarkus-datasource-common-3.8.4.jar:/home/vbalasub/.m2/repository/io/smallrye/smallrye-context-propagation-jta/2.1.0/smallrye-context-propagation-jta-2.1.0.jar:/home/vbalasub/.m2/repository/io/smallrye/reactive/smallrye-reactive-converter-api/3.0.1/smallrye-reactive-converter-api-3.0.1.jar:/home/vbalasub/.m2/repository/io/smallrye/reactive/smallrye-reactive-converter-mutiny/3.0.1/smallrye-reactive-converter-mutiny-3.0.1.jar:/home/vbalasub/.m2/repository/io/smallrye/reactive/mutiny-zero-flow-adapters/1.0.0/mutiny-zero-flow-adapters-1.0.0.jar:/home/vbalasub/.m2/repository/org/jboss/narayana/jta/narayana-jta/7.0.0.Final/narayana-jta-7.0.0.Final.jar:/home/vbalasub/.m2/repository/jakarta/resource/jakarta.resource-api/2.1.0/jakarta.resource-api-2.1.0.jar:/home/vbalasub/.m2/repository/org/jboss/invocation/jboss-invocation/2.0.0.Final/jboss-invocation-2.0.0.Final.jar:/home/vbalasub/.m2/repository/org/eclipse/microprofile/reactive-streams-operators/microprofile-reactive-streams-operators-api/3.0/microprofile-reactive-streams-operators-api-3.0.jar:/home/vbalasub/.m2/repository/org/jboss/narayana/jts/narayana-jts-integration/7.0.0.Final/narayana-jts-integration-7.0.0.Final.jar:/home/vbalasub/.m2/repository/org/hibernate/orm/hibernate-core/6.4.4.Final/hibernate-core-6.4.4.Final.jar:/home/vbalasub/.m2/repository/org/antlr/antlr4-runtime/4.13.0/antlr4-runtime-4.13.0.jar:/home/vbalasub/.m2/repository/net/bytebuddy/byte-buddy/1.14.11/byte-buddy-1.14.11.jar:/home/vbalasub/.m2/repository/org/hibernate/common/hibernate-commons-annotations/6.0.6.Final/hibernate-commons-annotations-6.0.6.Final.jar:/home/vbalasub/.m2/repository/org/hibernate/orm/hibernate-graalvm/6.4.4.Final/hibernate-graalvm-6.4.4.Final.jar:/home/vbalasub/.m2/repository/org/glassfish/jaxb/jaxb-runtime/4.0.4/jaxb-runtime-4.0.4.jar:/home/vbalasub/.m2/repository/org/glassfish/jaxb/jaxb-core/4.0.4/jaxb-core-4.0.4.jar:/home/vbalasub/.m2/repository/org/eclipse/angus/angus-activation/2.0.1/angus-activation-2.0.1.jar:/home/vbalasub/.m2/repository/org/glassfish/jaxb/txw2/4.0.4/txw2-4.0.4.jar:/home/vbalasub/.m2/repository/com/sun/istack/istack-commons-runtime/4.1.2/istack-commons-runtime-4.1.2.jar:/home/vbalasub/.m2/repository/jakarta/persistence/jakarta.persistence-api/3.1.0/jakarta.persistence-api-3.1.0.jar:/home/vbalasub/.m2/repository/jakarta/transaction/jakarta.transaction-api/2.0.1/jakarta.transaction-api-2.0.1.jar:/home/vbalasub/.m2/repository/org/hibernate/quarkus-local-cache/0.3.0/quarkus-local-cache-0.3.0.jar:/home/vbalasub/.m2/repository/io/quarkus/quarkus-caffeine/3.8.4/quarkus-caffeine-3.8.4.jar:/home/vbalasub/.m2/repository/com/github/ben-manes/caffeine/caffeine/3.1.5/caffeine-3.1.5.jar:/home/vbalasub/.m2/repository/com/google/errorprone/error_prone_annotations/2.24.0/error_prone_annotations-2.24.0.jar:/home/vbalasub/.m2/repository/io/quarkus/quarkus-hibernate-orm-panache-common/3.8.4/quarkus-hibernate-orm-panache-common-3.8.4.jar:/home/vbalasub/.m2/repository/io/quarkus/quarkus-panache-hibernate-common/3.8.4/quarkus-panache-hibernate-common-3.8.4.jar:/home/vbalasub/.m2/repository/io/quarkus/quarkus-panache-common/3.8.4/quarkus-panache-common-3.8.4.jar:/home/vbalasub/.m2/repository/io/quarkus/quarkus-hibernate-validator/3.8.4/quarkus-hibernate-validator-3.8.4.jar:/home/vbalasub/.m2/repository/org/hibernate/validator/hibernate-validator/8.0.1.Final/hibernate-validator-8.0.1.Final.jar:/home/vbalasub/.m2/repository/jakarta/validation/jakarta.validation-api/3.0.2/jakarta.validation-api-3.0.2.jar:/home/vbalasub/.m2/repository/com/fasterxml/classmate/1.6.0/classmate-1.6.0.jar:/home/vbalasub/.m2/repository/org/glassfish/expressly/expressly/5.0.0/expressly-5.0.0.jar:/home/vbalasub/.m2/repository/jakarta/el/jakarta.el-api/5.0.1/jakarta.el-api-5.0.1.jar:/home/vbalasub/.m2/repository/io/smallrye/config/smallrye-config-validator/3.5.4/smallrye-config-validator-3.5.4.jar:/home/vbalasub/.m2/repository/jakarta/ws/rs/jakarta.ws.rs-api/3.1.0/jakarta.ws.rs-api-3.1.0.jar:/home/vbalasub/.m2/repository/io/quarkus/quarkus-jdbc-h2/3.8.4/quarkus-jdbc-h2-3.8.4.jar:/home/vbalasub/.m2/repository/com/h2database/h2/2.2.224/h2-2.2.224.jar:/home/vbalasub/.m2/repository/org/locationtech/jts/jts-core/1.17.0/jts-core-1.17.0.jar:/home/vbalasub/.m2/repository/io/quarkus/quarkus-container-image-jib/3.8.4/quarkus-container-image-jib-3.8.4.jar:/home/vbalasub/.m2/repository/io/quarkus/quarkus-container-image/3.8.4/quarkus-container-image-3.8.4.jar:/home/vbalasub/.m2/repository/io/quarkus/quarkus-mutiny/3.8.4/quarkus-mutiny-3.8.4.jar:/home/vbalasub/.m2/repository/io/quarkus/quarkus-smallrye-context-propagation/3.8.4/quarkus-smallrye-context-propagation-3.8.4.jar:/home/vbalasub/.m2/repository/io/smallrye/smallrye-context-propagation/2.1.0/smallrye-context-propagation-2.1.0.jar:/home/vbalasub/.m2/repository/io/smallrye/smallrye-context-propagation-api/2.1.0/smallrye-context-propagation-api-2.1.0.jar:/home/vbalasub/.m2/repository/io/smallrye/smallrye-context-propagation-storage/2.1.0/smallrye-context-propagation-storage-2.1.0.jar:/home/vbalasub/.m2/repository/io/smallrye/reactive/mutiny-smallrye-context-propagation/2.5.8/mutiny-smallrye-context-propagation-2.5.8.jar:/home/vbalasub/.m2/repository/io/quarkus/quarkus-kubernetes/3.8.4/quarkus-kubernetes-3.8.4.jar:/home/vbalasub/.m2/repository/io/quarkus/quarkus-kubernetes-client-internal/3.8.4/quarkus-kubernetes-client-internal-3.8.4.jar:/home/vbalasub/.m2/repository/io/quarkus/quarkus-webjars-locator/3.8.4/quarkus-webjars-locator-3.8.4.jar:/home/vbalasub/.m2/repository/io/quarkus/quarkus-vertx-http/3.8.4/quarkus-vertx-http-3.8.4.jar:/home/vbalasub/.m2/repository/io/quarkus/quarkus-security-runtime-spi/3.8.4/quarkus-security-runtime-spi-3.8.4.jar:/home/vbalasub/.m2/repository/io/quarkus/quarkus-credentials/3.8.4/quarkus-credentials-3.8.4.jar:/home/vbalasub/.m2/repository/io/smallrye/common/smallrye-common-vertx-context/2.2.0/smallrye-common-vertx-context-2.2.0.jar:/home/vbalasub/.m2/repository/io/quarkus/security/quarkus-security/2.0.3.Final/quarkus-security-2.0.3.Final.jar:/home/vbalasub/.m2/repository/io/quarkus/quarkus-vertx/3.8.4/quarkus-vertx-3.8.4.jar:/home/vbalasub/.m2/repository/io/quarkus/quarkus-netty/3.8.4/quarkus-netty-3.8.4.jar:/home/vbalasub/.m2/repository/io/netty/netty-codec/4.1.108.Final/netty-codec-4.1.108.Final.jar:/home/vbalasub/.m2/repository/com/aayushatharva/brotli4j/brotli4j/1.16.0/brotli4j-1.16.0.jar:/home/vbalasub/.m2/repository/com/aayushatharva/brotli4j/service/1.16.0/service-1.16.0.jar:/home/vbalasub/.m2/repository/com/aayushatharva/brotli4j/native-linux-x86_64/1.16.0/native-linux-x86_64-1.16.0.jar:/home/vbalasub/.m2/repository/io/netty/netty-codec-haproxy/4.1.108.Final/netty-codec-haproxy-4.1.108.Final.jar:/home/vbalasub/.m2/repository/io/smallrye/common/smallrye-common-annotation/2.2.0/smallrye-common-annotation-2.2.0.jar:/home/vbalasub/.m2/repository/io/quarkus/quarkus-vertx-latebound-mdc-provider/3.8.4/quarkus-vertx-latebound-mdc-provider-3.8.4.jar:/home/vbalasub/.m2/repository/io/smallrye/smallrye-fault-tolerance-vertx/6.2.6/smallrye-fault-tolerance-vertx-6.2.6.jar:/home/vbalasub/.m2/repository/io/smallrye/reactive/smallrye-mutiny-vertx-web/3.11.0/smallrye-mutiny-vertx-web-3.11.0.jar:/home/vbalasub/.m2/repository/io/smallrye/reactive/smallrye-mutiny-vertx-web-common/3.11.0/smallrye-mutiny-vertx-web-common-3.11.0.jar:/home/vbalasub/.m2/repository/io/smallrye/reactive/smallrye-mutiny-vertx-auth-common/3.11.0/smallrye-mutiny-vertx-auth-common-3.11.0.jar:/home/vbalasub/.m2/repository/io/smallrye/reactive/smallrye-mutiny-vertx-bridge-common/3.11.0/smallrye-mutiny-vertx-bridge-common-3.11.0.jar:/home/vbalasub/.m2/repository/io/smallrye/reactive/smallrye-mutiny-vertx-uri-template/3.11.0/smallrye-mutiny-vertx-uri-template-3.11.0.jar:/home/vbalasub/.m2/repository/io/vertx/vertx-uri-template/4.5.7/vertx-uri-template-4.5.7.jar:/home/vbalasub/.m2/repository/io/vertx/vertx-web/4.5.7/vertx-web-4.5.7.jar:/home/vbalasub/.m2/repository/io/vertx/vertx-web-common/4.5.7/vertx-web-common-4.5.7.jar:/home/vbalasub/.m2/repository/io/vertx/vertx-auth-common/4.5.7/vertx-auth-common-4.5.7.jar:/home/vbalasub/.m2/repository/io/vertx/vertx-bridge-common/4.5.7/vertx-bridge-common-4.5.7.jar:/home/vbalasub/.m2/repository/io/github/crac/org-crac/0.1.3/org-crac-0.1.3.jar:/home/vbalasub/.m2/repository/org/webjars/npm/bootstrap/5.1.3/bootstrap-5.1.3.jar:/home/vbalasub/.m2/repository/org/webjars/npm/font-awesome/4.7.0/font-awesome-4.7.0.jar:/home/vbalasub/.m2/repository/io/quarkus/quarkus-junit5/3.8.4/quarkus-junit5-3.8.4.jar:/home/vbalasub/.m2/repository/io/quarkus/quarkus-bootstrap-core/3.8.4/quarkus-bootstrap-core-3.8.4.jar:/home/vbalasub/.m2/repository/io/quarkus/quarkus-bootstrap-app-model/3.8.4/quarkus-bootstrap-app-model-3.8.4.jar:/home/vbalasub/.m2/repository/io/smallrye/common/smallrye-common-io/2.2.0/smallrye-common-io-2.2.0.jar:/home/vbalasub/.m2/repository/org/eclipse/sisu/org.eclipse.sisu.inject/0.9.0.M2/org.eclipse.sisu.inject-0.9.0.M2.jar:/home/vbalasub/.m2/repository/io/quarkus/quarkus-test-common/3.8.4/quarkus-test-common-3.8.4.jar:/home/vbalasub/.m2/repository/io/quarkus/quarkus-core-deployment/3.8.4/quarkus-core-deployment-3.8.4.jar:/home/vbalasub/.m2/repository/org/aesh/readline/2.4/readline-2.4.jar:/home/vbalasub/.m2/repository/org/fusesource/jansi/jansi/2.4.0/jansi-2.4.0.jar:/home/vbalasub/.m2/repository/org/aesh/aesh/2.7/aesh-2.7.jar:/home/vbalasub/.m2/repository/io/quarkus/gizmo/gizmo/1.7.0/gizmo-1.7.0.jar:/home/vbalasub/.m2/repository/org/ow2/asm/asm-util/9.6/asm-util-9.6.jar:/home/vbalasub/.m2/repository/org/ow2/asm/asm-analysis/9.6/asm-analysis-9.6.jar:/home/vbalasub/.m2/repository/org/ow2/asm/asm/9.6/asm-9.6.jar:/home/vbalasub/.m2/repository/org/ow2/asm/asm-commons/9.6/asm-commons-9.6.jar:/home/vbalasub/.m2/repository/org/ow2/asm/asm-tree/9.6/asm-tree-9.6.jar:/home/vbalasub/.m2/repository/io/quarkus/quarkus-class-change-agent/3.8.4/quarkus-class-change-agent-3.8.4.jar:/home/vbalasub/.m2/repository/io/quarkus/quarkus-devtools-utilities/3.8.4/quarkus-devtools-utilities-3.8.4.jar:/home/vbalasub/.m2/repository/io/quarkus/quarkus-builder/3.8.4/quarkus-builder-3.8.4.jar:/home/vbalasub/.m2/repository/org/graalvm/sdk/nativeimage/23.1.2/nativeimage-23.1.2.jar:/home/vbalasub/.m2/repository/org/graalvm/sdk/word/23.1.2/word-23.1.2.jar:/home/vbalasub/.m2/repository/org/junit/platform/junit-platform-launcher/1.10.1/junit-platform-launcher-1.10.1.jar:/home/vbalasub/.m2/repository/io/quarkus/quarkus-bootstrap-maven-resolver/3.8.4/quarkus-bootstrap-maven-resolver-3.8.4.jar:/home/vbalasub/.m2/repository/io/smallrye/beanbag/smallrye-beanbag-maven/1.4.0/smallrye-beanbag-maven-1.4.0.jar:/home/vbalasub/.m2/repository/io/smallrye/beanbag/smallrye-beanbag-sisu/1.4.0/smallrye-beanbag-sisu-1.4.0.jar:/home/vbalasub/.m2/repository/io/smallrye/beanbag/smallrye-beanbag/1.4.0/smallrye-beanbag-1.4.0.jar:/home/vbalasub/.m2/repository/javax/inject/javax.inject/1/javax.inject-1.jar:/home/vbalasub/.m2/repository/org/apache/maven/maven-artifact/3.9.6/maven-artifact-3.9.6.jar:/home/vbalasub/.m2/repository/org/apache/maven/maven-builder-support/3.9.6/maven-builder-support-3.9.6.jar:/home/vbalasub/.m2/repository/org/apache/maven/maven-model/3.9.6/maven-model-3.9.6.jar:/home/vbalasub/.m2/repository/org/apache/maven/maven-model-builder/3.9.6/maven-model-builder-3.9.6.jar:/home/vbalasub/.m2/repository/org/apache/maven/maven-repository-metadata/3.9.6/maven-repository-metadata-3.9.6.jar:/home/vbalasub/.m2/repository/org/apache/maven/maven-settings/3.9.6/maven-settings-3.9.6.jar:/home/vbalasub/.m2/repository/org/apache/maven/resolver/maven-resolver-api/1.9.18/maven-resolver-api-1.9.18.jar:/home/vbalasub/.m2/repository/org/apache/maven/resolver/maven-resolver-impl/1.9.18/maven-resolver-impl-1.9.18.jar:/home/vbalasub/.m2/repository/org/apache/maven/resolver/maven-resolver-named-locks/1.9.18/maven-resolver-named-locks-1.9.18.jar:/home/vbalasub/.m2/repository/org/apache/maven/resolver/maven-resolver-spi/1.9.18/maven-resolver-spi-1.9.18.jar:/home/vbalasub/.m2/repository/org/apache/maven/resolver/maven-resolver-util/1.9.18/maven-resolver-util-1.9.18.jar:/home/vbalasub/.m2/repository/org/apache/maven/resolver/maven-resolver-transport-http/1.9.18/maven-resolver-transport-http-1.9.18.jar:/home/vbalasub/.m2/repository/org/apache/maven/wagon/wagon-provider-api/3.5.3/wagon-provider-api-3.5.3.jar:/home/vbalasub/.m2/repository/org/apache/maven/wagon/wagon-http-shared/3.5.3/wagon-http-shared-3.5.3.jar:/home/vbalasub/.m2/repository/org/codehaus/plexus/plexus-interpolation/1.26/plexus-interpolation-1.26.jar:/home/vbalasub/.m2/repository/org/codehaus/plexus/plexus-utils/3.5.1/plexus-utils-3.5.1.jar:/home/vbalasub/.m2/repository/org/codehaus/plexus/plexus-xml/4.0.0/plexus-xml-4.0.0.jar:/home/vbalasub/.m2/repository/org/apache/maven/maven-xml-impl/4.0.0-alpha-5/maven-xml-impl-4.0.0-alpha-5.jar:/home/vbalasub/.m2/repository/org/apache/maven/maven-api-xml/4.0.0-alpha-5/maven-api-xml-4.0.0-alpha-5.jar:/home/vbalasub/.m2/repository/org/apache/maven/maven-api-meta/4.0.0-alpha-5/maven-api-meta-4.0.0-alpha-5.jar:/home/vbalasub/.m2/repository/org/codehaus/plexus/plexus-cipher/2.0/plexus-cipher-2.0.jar:/home/vbalasub/.m2/repository/org/codehaus/plexus/plexus-sec-dispatcher/2.0/plexus-sec-dispatcher-2.0.jar:/home/vbalasub/.m2/repository/org/apache/maven/maven-embedder/3.9.6/maven-embedder-3.9.6.jar:/home/vbalasub/.m2/repository/org/apache/maven/maven-core/3.9.6/maven-core-3.9.6.jar:/home/vbalasub/.m2/repository/org/codehaus/plexus/plexus-component-annotations/2.1.0/plexus-component-annotations-2.1.0.jar:/home/vbalasub/.m2/repository/org/apache/maven/maven-plugin-api/3.9.6/maven-plugin-api-3.9.6.jar:/home/vbalasub/.m2/repository/org/apache/maven/shared/maven-shared-utils/3.3.4/maven-shared-utils-3.3.4.jar:/home/vbalasub/.m2/repository/com/google/inject/guice/5.1.0/guice-5.1.0.jar:/home/vbalasub/.m2/repository/aopalliance/aopalliance/1.0/aopalliance-1.0.jar:/home/vbalasub/.m2/repository/com/google/guava/guava/33.0.0-jre/guava-33.0.0-jre.jar:/home/vbalasub/.m2/repository/com/google/guava/failureaccess/1.0.1/failureaccess-1.0.1.jar:/home/vbalasub/.m2/repository/javax/annotation/javax.annotation-api/1.3.2/javax.annotation-api-1.3.2.jar:/home/vbalasub/.m2/repository/org/codehaus/plexus/plexus-classworlds/2.6.0/plexus-classworlds-2.6.0.jar:/home/vbalasub/.m2/repository/commons-cli/commons-cli/1.5.0/commons-cli-1.5.0.jar:/home/vbalasub/.m2/repository/org/eclipse/sisu/org.eclipse.sisu.plexus/0.9.0.M2/org.eclipse.sisu.plexus-0.9.0.M2.jar:/home/vbalasub/.m2/repository/org/apache/maven/maven-settings-builder/3.9.6/maven-settings-builder-3.9.6.jar:/home/vbalasub/.m2/repository/org/apache/maven/maven-resolver-provider/3.9.6/maven-resolver-provider-3.9.6.jar:/home/vbalasub/.m2/repository/org/apache/maven/resolver/maven-resolver-connector-basic/1.9.18/maven-resolver-connector-basic-1.9.18.jar:/home/vbalasub/.m2/repository/org/apache/maven/resolver/maven-resolver-transport-wagon/1.9.18/maven-resolver-transport-wagon-1.9.18.jar:/home/vbalasub/.m2/repository/org/apache/maven/wagon/wagon-http/3.5.3/wagon-http-3.5.3.jar:/home/vbalasub/.m2/repository/org/apache/maven/wagon/wagon-file/3.5.3/wagon-file-3.5.3.jar:/home/vbalasub/.m2/repository/io/quarkus/quarkus-bootstrap-gradle-resolver/3.8.4/quarkus-bootstrap-gradle-resolver-3.8.4.jar:/home/vbalasub/.m2/repository/io/smallrye/jandex/3.1.6/jandex-3.1.6.jar:/home/vbalasub/.m2/repository/commons-io/commons-io/2.15.1/commons-io-2.15.1.jar:/home/vbalasub/.m2/repository/io/quarkus/quarkus-junit5-properties/3.8.4/quarkus-junit5-properties-3.8.4.jar:/home/vbalasub/.m2/repository/org/junit/jupiter/junit-jupiter/5.10.1/junit-jupiter-5.10.1.jar:/home/vbalasub/.m2/repository/org/junit/jupiter/junit-jupiter-api/5.10.1/junit-jupiter-api-5.10.1.jar:/home/vbalasub/.m2/repository/org/opentest4j/opentest4j/1.3.0/opentest4j-1.3.0.jar:/home/vbalasub/.m2/repository/org/junit/platform/junit-platform-commons/1.10.1/junit-platform-commons-1.10.1.jar:/home/vbalasub/.m2/repository/org/apiguardian/apiguardian-api/1.1.2/apiguardian-api-1.1.2.jar:/home/vbalasub/.m2/repository/org/junit/jupiter/junit-jupiter-params/5.10.1/junit-jupiter-params-5.10.1.jar:/home/vbalasub/.m2/repository/org/junit/jupiter/junit-jupiter-engine/5.10.1/junit-jupiter-engine-5.10.1.jar:/home/vbalasub/.m2/repository/org/junit/platform/junit-platform-engine/1.10.1/junit-platform-engine-1.10.1.jar:/home/vbalasub/.m2/repository/com/thoughtworks/xstream/xstream/1.4.20/xstream-1.4.20.jar:/home/vbalasub/.m2/repository/io/github/x-stream/mxparser/1.2.2/mxparser-1.2.2.jar:/home/vbalasub/.m2/repository/xmlpull/xmlpull/1.1.3.1/xmlpull-1.1.3.1.jar:/home/vbalasub/.m2/repository/io/rest-assured/rest-assured/5.4.0/rest-assured-5.4.0.jar:/home/vbalasub/.m2/repository/org/apache/groovy/groovy/4.0.16/groovy-4.0.16.jar:/home/vbalasub/.m2/repository/org/apache/groovy/groovy-xml/4.0.16/groovy-xml-4.0.16.jar:/home/vbalasub/.m2/repository/org/apache/httpcomponents/httpclient/4.5.14/httpclient-4.5.14.jar:/home/vbalasub/.m2/repository/org/apache/httpcomponents/httpcore/4.4.16/httpcore-4.4.16.jar:/home/vbalasub/.m2/repository/commons-codec/commons-codec/1.16.1/commons-codec-1.16.1.jar:/home/vbalasub/.m2/repository/org/apache/httpcomponents/httpmime/4.5.14/httpmime-4.5.14.jar:/home/vbalasub/.m2/repository/org/hamcrest/hamcrest/2.2/hamcrest-2.2.jar:/home/vbalasub/.m2/repository/org/ccil/cowan/tagsoup/tagsoup/1.2.1/tagsoup-1.2.1.jar:/home/vbalasub/.m2/repository/io/rest-assured/json-path/5.4.0/json-path-5.4.0.jar:/home/vbalasub/.m2/repository/org/apache/groovy/groovy-json/4.0.16/groovy-json-4.0.16.jar:/home/vbalasub/.m2/repository/io/rest-assured/rest-assured-common/5.4.0/rest-assured-common-5.4.0.jar:/home/vbalasub/.m2/repository/io/rest-assured/xml-path/5.4.0/xml-path-5.4.0.jar:/home/vbalasub/.m2/repository/org/apache/commons/commons-lang3/3.14.0/commons-lang3-3.14.0.jar:"/>
    <property name="java.vm.vendor" value="Red Hat, Inc."/>
    <property name="sun.arch.data.model" value="64"/>
    <property name="java.vendor.url" value="https://www.redhat.com/"/>
    <property name="user.timezone" value="America/Chicago"/>
    <property name="logging.initial-configurator.min-level" value="500"/>
    <property name="os.name" value="Linux"/>
    <property name="java.vm.specification.version" value="17"/>
    <property name="sun.java.launcher" value="SUN_STANDARD"/>
    <property name="user.country" value="US"/>
    <property name="groovy.use.classvalue" value="false"/>
    <property name="sun.boot.library.path" value="/usr/lib/jvm/java-17-openjdk-17.0.8.0.7-1.fc37.x86_64/lib"/>
    <property name="sun.java.command" value="/home/vbalasub/DEV/openshift-quickstarts/quarkus-petclinic/target/surefire/surefirebooter-20240610142401401_3.jar /home/vbalasub/DEV/openshift-quickstarts/quarkus-petclinic/target/surefire 2024-06-10T14-24-01_347-jvmRun1 surefire-20240610142401401_1tmp surefire_0-20240610142401401_2tmp"/>
    <property name="maven.home" value="/home/vbalasub/.m2/wrapper/dists/apache-maven-3.8.6-bin/67568434/apache-maven-3.8.6"/>
    <property name="jdk.debug" value="release"/>
    <property name="surefire.test.class.path" value="/home/vbalasub/DEV/openshift-quickstarts/quarkus-petclinic/target/test-classes:/home/vbalasub/DEV/openshift-quickstarts/quarkus-petclinic/target/classes:/home/vbalasub/.m2/repository/io/quarkus/quarkus-resteasy-reactive-jackson/3.8.4/quarkus-resteasy-reactive-jackson-3.8.4.jar:/home/vbalasub/.m2/repository/io/quarkus/quarkus-resteasy-reactive/3.8.4/quarkus-resteasy-reactive-3.8.4.jar:/home/vbalasub/.m2/repository/io/quarkus/quarkus-resteasy-reactive-common/3.8.4/quarkus-resteasy-reactive-common-3.8.4.jar:/home/vbalasub/.m2/repository/io/quarkus/resteasy/reactive/resteasy-reactive-common/3.8.4/resteasy-reactive-common-3.8.4.jar:/home/vbalasub/.m2/repository/io/quarkus/resteasy/reactive/resteasy-reactive-common-types/3.8.4/resteasy-reactive-common-types-3.8.4.jar:/home/vbalasub/.m2/repository/org/reactivestreams/reactive-streams/1.0.4/reactive-streams-1.0.4.jar:/home/vbalasub/.m2/repository/io/quarkus/resteasy/reactive/resteasy-reactive-vertx/3.8.4/resteasy-reactive-vertx-3.8.4.jar:/home/vbalasub/.m2/repository/io/smallrye/reactive/smallrye-mutiny-vertx-core/3.11.0/smallrye-mutiny-vertx-core-3.11.0.jar:/home/vbalasub/.m2/repository/io/smallrye/reactive/smallrye-mutiny-vertx-runtime/3.11.0/smallrye-mutiny-vertx-runtime-3.11.0.jar:/home/vbalasub/.m2/repository/io/smallrye/reactive/vertx-mutiny-generator/3.11.0/vertx-mutiny-generator-3.11.0.jar:/home/vbalasub/.m2/repository/io/vertx/vertx-codegen/4.5.7/vertx-codegen-4.5.7.jar:/home/vbalasub/.m2/repository/io/quarkus/quarkus-jsonp/3.8.4/quarkus-jsonp-3.8.4.jar:/home/vbalasub/.m2/repository/org/eclipse/parsson/parsson/1.1.5/parsson-1.1.5.jar:/home/vbalasub/.m2/repository/io/quarkus/quarkus-virtual-threads/3.8.4/quarkus-virtual-threads-3.8.4.jar:/home/vbalasub/.m2/repository/io/vertx/vertx-core/4.5.7/vertx-core-4.5.7.jar:/home/vbalasub/.m2/repository/io/netty/netty-common/4.1.108.Final/netty-common-4.1.108.Final.jar:/home/vbalasub/.m2/repository/io/netty/netty-buffer/4.1.108.Final/netty-buffer-4.1.108.Final.jar:/home/vbalasub/.m2/repository/io/netty/netty-transport/4.1.108.Final/netty-transport-4.1.108.Final.jar:/home/vbalasub/.m2/repository/io/netty/netty-handler/4.1.108.Final/netty-handler-4.1.108.Final.jar:/home/vbalasub/.m2/repository/io/netty/netty-transport-native-unix-common/4.1.108.Final/netty-transport-native-unix-common-4.1.108.Final.jar:/home/vbalasub/.m2/repository/io/netty/netty-handler-proxy/4.1.108.Final/netty-handler-proxy-4.1.108.Final.jar:/home/vbalasub/.m2/repository/io/netty/netty-codec-socks/4.1.108.Final/netty-codec-socks-4.1.108.Final.jar:/home/vbalasub/.m2/repository/io/netty/netty-codec-http/4.1.108.Final/netty-codec-http-4.1.108.Final.jar:/home/vbalasub/.m2/repository/io/netty/netty-codec-http2/4.1.108.Final/netty-codec-http2-4.1.108.Final.jar:/home/vbalasub/.m2/repository/io/netty/netty-resolver/4.1.108.Final/netty-resolver-4.1.108.Final.jar:/home/vbalasub/.m2/repository/io/netty/netty-resolver-dns/4.1.108.Final/netty-resolver-dns-4.1.108.Final.jar:/home/vbalasub/.m2/repository/io/netty/netty-codec-dns/4.1.108.Final/netty-codec-dns-4.1.108.Final.jar:/home/vbalasub/.m2/repository/io/quarkus/quarkus-resteasy-reactive-jackson-common/3.8.4/quarkus-resteasy-reactive-jackson-common-3.8.4.jar:/home/vbalasub/.m2/repository/io/quarkus/quarkus-jackson/3.8.4/quarkus-jackson-3.8.4.jar:/home/vbalasub/.m2/repository/com/fasterxml/jackson/datatype/jackson-datatype-jsr310/2.16.1/jackson-datatype-jsr310-2.16.1.jar:/home/vbalasub/.m2/repository/com/fasterxml/jackson/datatype/jackson-datatype-jdk8/2.16.1/jackson-datatype-jdk8-2.16.1.jar:/home/vbalasub/.m2/repository/com/fasterxml/jackson/module/jackson-module-parameter-names/2.16.1/jackson-module-parameter-names-2.16.1.jar:/home/vbalasub/.m2/repository/io/quarkus/quarkus-resteasy-reactive-qute/3.8.4/quarkus-resteasy-reactive-qute-3.8.4.jar:/home/vbalasub/.m2/repository/io/quarkus/quarkus-core/3.8.4/quarkus-core-3.8.4.jar:/home/vbalasub/.m2/repository/jakarta/annotation/jakarta.annotation-api/2.1.1/jakarta.annotation-api-2.1.1.jar:/home/vbalasub/.m2/repository/jakarta/enterprise/jakarta.enterprise.cdi-api/4.0.1/jakarta.enterprise.cdi-api-4.0.1.jar:/home/vbalasub/.m2/repository/jakarta/enterprise/jakarta.enterprise.lang-model/4.0.1/jakarta.enterprise.lang-model-4.0.1.jar:/home/vbalasub/.m2/repository/jakarta/interceptor/jakarta.interceptor-api/2.1.0/jakarta.interceptor-api-2.1.0.jar:/home/vbalasub/.m2/repository/jakarta/inject/jakarta.inject-api/2.0.1/jakarta.inject-api-2.0.1.jar:/home/vbalasub/.m2/repository/io/smallrye/common/smallrye-common-os/2.2.0/smallrye-common-os-2.2.0.jar:/home/vbalasub/.m2/repository/io/quarkus/quarkus-ide-launcher/3.8.4/quarkus-ide-launcher-3.8.4.jar:/home/vbalasub/.m2/repository/io/quarkus/quarkus-development-mode-spi/3.8.4/quarkus-development-mode-spi-3.8.4.jar:/home/vbalasub/.m2/repository/io/smallrye/config/smallrye-config/3.5.4/smallrye-config-3.5.4.jar:/home/vbalasub/.m2/repository/io/smallrye/config/smallrye-config-core/3.5.4/smallrye-config-core-3.5.4.jar:/home/vbalasub/.m2/repository/org/eclipse/microprofile/config/microprofile-config-api/3.0.3/microprofile-config-api-3.0.3.jar:/home/vbalasub/.m2/repository/io/smallrye/common/smallrye-common-classloader/2.2.0/smallrye-common-classloader-2.2.0.jar:/home/vbalasub/.m2/repository/io/smallrye/config/smallrye-config-common/3.5.4/smallrye-config-common-3.5.4.jar:/home/vbalasub/.m2/repository/org/jboss/logging/jboss-logging/3.5.3.Final/jboss-logging-3.5.3.Final.jar:/home/vbalasub/.m2/repository/org/jboss/logmanager/jboss-logmanager/3.0.4.Final/jboss-logmanager-3.0.4.Final.jar:/home/vbalasub/.m2/repository/io/smallrye/common/smallrye-common-constraint/2.2.0/smallrye-common-constraint-2.2.0.jar:/home/vbalasub/.m2/repository/io/smallrye/common/smallrye-common-cpu/2.2.0/smallrye-common-cpu-2.2.0.jar:/home/vbalasub/.m2/repository/io/smallrye/common/smallrye-common-expression/2.2.0/smallrye-common-expression-2.2.0.jar:/home/vbalasub/.m2/repository/io/smallrye/common/smallrye-common-function/2.2.0/smallrye-common-function-2.2.0.jar:/home/vbalasub/.m2/repository/io/smallrye/common/smallrye-common-net/2.2.0/smallrye-common-net-2.2.0.jar:/home/vbalasub/.m2/repository/io/smallrye/common/smallrye-common-ref/2.2.0/smallrye-common-ref-2.2.0.jar:/home/vbalasub/.m2/repository/jakarta/json/jakarta.json-api/2.1.3/jakarta.json-api-2.1.3.jar:/home/vbalasub/.m2/repository/org/jboss/logging/jboss-logging-annotations/2.2.1.Final/jboss-logging-annotations-2.2.1.Final.jar:/home/vbalasub/.m2/repository/org/jboss/threads/jboss-threads/3.5.1.Final/jboss-threads-3.5.1.Final.jar:/home/vbalasub/.m2/repository/org/slf4j/slf4j-api/2.0.6/slf4j-api-2.0.6.jar:/home/vbalasub/.m2/repository/org/jboss/slf4j/slf4j-jboss-logmanager/2.0.0.Final/slf4j-jboss-logmanager-2.0.0.Final.jar:/home/vbalasub/.m2/repository/org/wildfly/common/wildfly-common/1.7.0.Final/wildfly-common-1.7.0.Final.jar:/home/vbalasub/.m2/repository/io/quarkus/quarkus-bootstrap-runner/3.8.4/quarkus-bootstrap-runner-3.8.4.jar:/home/vbalasub/.m2/repository/io/quarkus/quarkus-fs-util/0.0.10/quarkus-fs-util-0.0.10.jar:/home/vbalasub/.m2/repository/io/quarkus/quarkus-arc/3.8.4/quarkus-arc-3.8.4.jar:/home/vbalasub/.m2/repository/io/quarkus/arc/arc/3.8.4/arc-3.8.4.jar:/home/vbalasub/.m2/repository/io/smallrye/reactive/mutiny/2.5.8/mutiny-2.5.8.jar:/home/vbalasub/.m2/repository/org/eclipse/microprofile/context-propagation/microprofile-context-propagation-api/1.3/microprofile-context-propagation-api-1.3.jar:/home/vbalasub/.m2/repository/io/quarkus/quarkus-qute/3.8.4/quarkus-qute-3.8.4.jar:/home/vbalasub/.m2/repository/io/quarkus/qute/qute-core/3.8.4/qute-core-3.8.4.jar:/home/vbalasub/.m2/repository/io/quarkus/quarkus-rest-client-reactive-jackson/3.8.4/quarkus-rest-client-reactive-jackson-3.8.4.jar:/home/vbalasub/.m2/repository/io/quarkus/resteasy/reactive/resteasy-reactive-jackson/3.8.4/resteasy-reactive-jackson-3.8.4.jar:/home/vbalasub/.m2/repository/io/quarkus/resteasy/reactive/resteasy-reactive/3.8.4/resteasy-reactive-3.8.4.jar:/home/vbalasub/.m2/repository/com/fasterxml/jackson/core/jackson-databind/2.16.1/jackson-databind-2.16.1.jar:/home/vbalasub/.m2/repository/com/fasterxml/jackson/core/jackson-annotations/2.16.1/jackson-annotations-2.16.1.jar:/home/vbalasub/.m2/repository/com/fasterxml/jackson/core/jackson-core/2.16.1/jackson-core-2.16.1.jar:/home/vbalasub/.m2/repository/org/jboss/logging/commons-logging-jboss-logging/1.0.0.Final/commons-logging-jboss-logging-1.0.0.Final.jar:/home/vbalasub/.m2/repository/jakarta/xml/bind/jakarta.xml.bind-api/4.0.1/jakarta.xml.bind-api-4.0.1.jar:/home/vbalasub/.m2/repository/jakarta/activation/jakarta.activation-api/2.1.2/jakarta.activation-api-2.1.2.jar:/home/vbalasub/.m2/repository/io/quarkus/quarkus-rest-client-reactive/3.8.4/quarkus-rest-client-reactive-3.8.4.jar:/home/vbalasub/.m2/repository/io/quarkus/quarkus-jaxrs-client-reactive/3.8.4/quarkus-jaxrs-client-reactive-3.8.4.jar:/home/vbalasub/.m2/repository/io/quarkus/resteasy/reactive/resteasy-reactive-client/3.8.4/resteasy-reactive-client-3.8.4.jar:/home/vbalasub/.m2/repository/io/vertx/vertx-web-client/4.5.7/vertx-web-client-4.5.7.jar:/home/vbalasub/.m2/repository/io/quarkus/quarkus-smallrye-stork/3.8.4/quarkus-smallrye-stork-3.8.4.jar:/home/vbalasub/.m2/repository/io/quarkus/quarkus-rest-client-config/3.8.4/quarkus-rest-client-config-3.8.4.jar:/home/vbalasub/.m2/repository/io/smallrye/stork/stork-api/2.5.0/stork-api-2.5.0.jar:/home/vbalasub/.m2/repository/io/smallrye/stork/stork-core/2.5.0/stork-core-2.5.0.jar:/home/vbalasub/.m2/repository/org/eclipse/microprofile/rest/client/microprofile-rest-client-api/3.0.1/microprofile-rest-client-api-3.0.1.jar:/home/vbalasub/.m2/repository/io/quarkus/quarkus-hibernate-orm-panache/3.8.4/quarkus-hibernate-orm-panache-3.8.4.jar:/home/vbalasub/.m2/repository/io/quarkus/quarkus-hibernate-orm/3.8.4/quarkus-hibernate-orm-3.8.4.jar:/home/vbalasub/.m2/repository/io/quarkus/quarkus-agroal/3.8.4/quarkus-agroal-3.8.4.jar:/home/vbalasub/.m2/repository/io/quarkus/quarkus-datasource/3.8.4/quarkus-datasource-3.8.4.jar:/home/vbalasub/.m2/repository/io/agroal/agroal-api/2.3/agroal-api-2.3.jar:/home/vbalasub/.m2/repository/io/agroal/agroal-narayana/2.3/agroal-narayana-2.3.jar:/home/vbalasub/.m2/repository/org/jboss/jboss-transaction-spi/8.0.0.Final/jboss-transaction-spi-8.0.0.Final.jar:/home/vbalasub/.m2/repository/io/agroal/agroal-pool/2.3/agroal-pool-2.3.jar:/home/vbalasub/.m2/repository/io/quarkus/quarkus-narayana-jta/3.8.4/quarkus-narayana-jta-3.8.4.jar:/home/vbalasub/.m2/repository/io/quarkus/quarkus-transaction-annotations/3.8.4/quarkus-transaction-annotations-3.8.4.jar:/home/vbalasub/.m2/repository/io/quarkus/quarkus-datasource-common/3.8.4/quarkus-datasource-common-3.8.4.jar:/home/vbalasub/.m2/repository/io/smallrye/smallrye-context-propagation-jta/2.1.0/smallrye-context-propagation-jta-2.1.0.jar:/home/vbalasub/.m2/repository/io/smallrye/reactive/smallrye-reactive-converter-api/3.0.1/smallrye-reactive-converter-api-3.0.1.jar:/home/vbalasub/.m2/repository/io/smallrye/reactive/smallrye-reactive-converter-mutiny/3.0.1/smallrye-reactive-converter-mutiny-3.0.1.jar:/home/vbalasub/.m2/repository/io/smallrye/reactive/mutiny-zero-flow-adapters/1.0.0/mutiny-zero-flow-adapters-1.0.0.jar:/home/vbalasub/.m2/repository/org/jboss/narayana/jta/narayana-jta/7.0.0.Final/narayana-jta-7.0.0.Final.jar:/home/vbalasub/.m2/repository/jakarta/resource/jakarta.resource-api/2.1.0/jakarta.resource-api-2.1.0.jar:/home/vbalasub/.m2/repository/org/jboss/invocation/jboss-invocation/2.0.0.Final/jboss-invocation-2.0.0.Final.jar:/home/vbalasub/.m2/repository/org/eclipse/microprofile/reactive-streams-operators/microprofile-reactive-streams-operators-api/3.0/microprofile-reactive-streams-operators-api-3.0.jar:/home/vbalasub/.m2/repository/org/jboss/narayana/jts/narayana-jts-integration/7.0.0.Final/narayana-jts-integration-7.0.0.Final.jar:/home/vbalasub/.m2/repository/org/hibernate/orm/hibernate-core/6.4.4.Final/hibernate-core-6.4.4.Final.jar:/home/vbalasub/.m2/repository/org/antlr/antlr4-runtime/4.13.0/antlr4-runtime-4.13.0.jar:/home/vbalasub/.m2/repository/net/bytebuddy/byte-buddy/1.14.11/byte-buddy-1.14.11.jar:/home/vbalasub/.m2/repository/org/hibernate/common/hibernate-commons-annotations/6.0.6.Final/hibernate-commons-annotations-6.0.6.Final.jar:/home/vbalasub/.m2/repository/org/hibernate/orm/hibernate-graalvm/6.4.4.Final/hibernate-graalvm-6.4.4.Final.jar:/home/vbalasub/.m2/repository/org/glassfish/jaxb/jaxb-runtime/4.0.4/jaxb-runtime-4.0.4.jar:/home/vbalasub/.m2/repository/org/glassfish/jaxb/jaxb-core/4.0.4/jaxb-core-4.0.4.jar:/home/vbalasub/.m2/repository/org/eclipse/angus/angus-activation/2.0.1/angus-activation-2.0.1.jar:/home/vbalasub/.m2/repository/org/glassfish/jaxb/txw2/4.0.4/txw2-4.0.4.jar:/home/vbalasub/.m2/repository/com/sun/istack/istack-commons-runtime/4.1.2/istack-commons-runtime-4.1.2.jar:/home/vbalasub/.m2/repository/jakarta/persistence/jakarta.persistence-api/3.1.0/jakarta.persistence-api-3.1.0.jar:/home/vbalasub/.m2/repository/jakarta/transaction/jakarta.transaction-api/2.0.1/jakarta.transaction-api-2.0.1.jar:/home/vbalasub/.m2/repository/org/hibernate/quarkus-local-cache/0.3.0/quarkus-local-cache-0.3.0.jar:/home/vbalasub/.m2/repository/io/quarkus/quarkus-caffeine/3.8.4/quarkus-caffeine-3.8.4.jar:/home/vbalasub/.m2/repository/com/github/ben-manes/caffeine/caffeine/3.1.5/caffeine-3.1.5.jar:/home/vbalasub/.m2/repository/com/google/errorprone/error_prone_annotations/2.24.0/error_prone_annotations-2.24.0.jar:/home/vbalasub/.m2/repository/io/quarkus/quarkus-hibernate-orm-panache-common/3.8.4/quarkus-hibernate-orm-panache-common-3.8.4.jar:/home/vbalasub/.m2/repository/io/quarkus/quarkus-panache-hibernate-common/3.8.4/quarkus-panache-hibernate-common-3.8.4.jar:/home/vbalasub/.m2/repository/io/quarkus/quarkus-panache-common/3.8.4/quarkus-panache-common-3.8.4.jar:/home/vbalasub/.m2/repository/io/quarkus/quarkus-hibernate-validator/3.8.4/quarkus-hibernate-validator-3.8.4.jar:/home/vbalasub/.m2/repository/org/hibernate/validator/hibernate-validator/8.0.1.Final/hibernate-validator-8.0.1.Final.jar:/home/vbalasub/.m2/repository/jakarta/validation/jakarta.validation-api/3.0.2/jakarta.validation-api-3.0.2.jar:/home/vbalasub/.m2/repository/com/fasterxml/classmate/1.6.0/classmate-1.6.0.jar:/home/vbalasub/.m2/repository/org/glassfish/expressly/expressly/5.0.0/expressly-5.0.0.jar:/home/vbalasub/.m2/repository/jakarta/el/jakarta.el-api/5.0.1/jakarta.el-api-5.0.1.jar:/home/vbalasub/.m2/repository/io/smallrye/config/smallrye-config-validator/3.5.4/smallrye-config-validator-3.5.4.jar:/home/vbalasub/.m2/repository/jakarta/ws/rs/jakarta.ws.rs-api/3.1.0/jakarta.ws.rs-api-3.1.0.jar:/home/vbalasub/.m2/repository/io/quarkus/quarkus-jdbc-h2/3.8.4/quarkus-jdbc-h2-3.8.4.jar:/home/vbalasub/.m2/repository/com/h2database/h2/2.2.224/h2-2.2.224.jar:/home/vbalasub/.m2/repository/org/locationtech/jts/jts-core/1.17.0/jts-core-1.17.0.jar:/home/vbalasub/.m2/repository/io/quarkus/quarkus-container-image-jib/3.8.4/quarkus-container-image-jib-3.8.4.jar:/home/vbalasub/.m2/repository/io/quarkus/quarkus-container-image/3.8.4/quarkus-container-image-3.8.4.jar:/home/vbalasub/.m2/repository/io/quarkus/quarkus-mutiny/3.8.4/quarkus-mutiny-3.8.4.jar:/home/vbalasub/.m2/repository/io/quarkus/quarkus-smallrye-context-propagation/3.8.4/quarkus-smallrye-context-propagation-3.8.4.jar:/home/vbalasub/.m2/repository/io/smallrye/smallrye-context-propagation/2.1.0/smallrye-context-propagation-2.1.0.jar:/home/vbalasub/.m2/repository/io/smallrye/smallrye-context-propagation-api/2.1.0/smallrye-context-propagation-api-2.1.0.jar:/home/vbalasub/.m2/repository/io/smallrye/smallrye-context-propagation-storage/2.1.0/smallrye-context-propagation-storage-2.1.0.jar:/home/vbalasub/.m2/repository/io/smallrye/reactive/mutiny-smallrye-context-propagation/2.5.8/mutiny-smallrye-context-propagation-2.5.8.jar:/home/vbalasub/.m2/repository/io/quarkus/quarkus-kubernetes/3.8.4/quarkus-kubernetes-3.8.4.jar:/home/vbalasub/.m2/repository/io/quarkus/quarkus-kubernetes-client-internal/3.8.4/quarkus-kubernetes-client-internal-3.8.4.jar:/home/vbalasub/.m2/repository/io/quarkus/quarkus-webjars-locator/3.8.4/quarkus-webjars-locator-3.8.4.jar:/home/vbalasub/.m2/repository/io/quarkus/quarkus-vertx-http/3.8.4/quarkus-vertx-http-3.8.4.jar:/home/vbalasub/.m2/repository/io/quarkus/quarkus-security-runtime-spi/3.8.4/quarkus-security-runtime-spi-3.8.4.jar:/home/vbalasub/.m2/repository/io/quarkus/quarkus-credentials/3.8.4/quarkus-credentials-3.8.4.jar:/home/vbalasub/.m2/repository/io/smallrye/common/smallrye-common-vertx-context/2.2.0/smallrye-common-vertx-context-2.2.0.jar:/home/vbalasub/.m2/repository/io/quarkus/security/quarkus-security/2.0.3.Final/quarkus-security-2.0.3.Final.jar:/home/vbalasub/.m2/repository/io/quarkus/quarkus-vertx/3.8.4/quarkus-vertx-3.8.4.jar:/home/vbalasub/.m2/repository/io/quarkus/quarkus-netty/3.8.4/quarkus-netty-3.8.4.jar:/home/vbalasub/.m2/repository/io/netty/netty-codec/4.1.108.Final/netty-codec-4.1.108.Final.jar:/home/vbalasub/.m2/repository/com/aayushatharva/brotli4j/brotli4j/1.16.0/brotli4j-1.16.0.jar:/home/vbalasub/.m2/repository/com/aayushatharva/brotli4j/service/1.16.0/service-1.16.0.jar:/home/vbalasub/.m2/repository/com/aayushatharva/brotli4j/native-linux-x86_64/1.16.0/native-linux-x86_64-1.16.0.jar:/home/vbalasub/.m2/repository/io/netty/netty-codec-haproxy/4.1.108.Final/netty-codec-haproxy-4.1.108.Final.jar:/home/vbalasub/.m2/repository/io/smallrye/common/smallrye-common-annotation/2.2.0/smallrye-common-annotation-2.2.0.jar:/home/vbalasub/.m2/repository/io/quarkus/quarkus-vertx-latebound-mdc-provider/3.8.4/quarkus-vertx-latebound-mdc-provider-3.8.4.jar:/home/vbalasub/.m2/repository/io/smallrye/smallrye-fault-tolerance-vertx/6.2.6/smallrye-fault-tolerance-vertx-6.2.6.jar:/home/vbalasub/.m2/repository/io/smallrye/reactive/smallrye-mutiny-vertx-web/3.11.0/smallrye-mutiny-vertx-web-3.11.0.jar:/home/vbalasub/.m2/repository/io/smallrye/reactive/smallrye-mutiny-vertx-web-common/3.11.0/smallrye-mutiny-vertx-web-common-3.11.0.jar:/home/vbalasub/.m2/repository/io/smallrye/reactive/smallrye-mutiny-vertx-auth-common/3.11.0/smallrye-mutiny-vertx-auth-common-3.11.0.jar:/home/vbalasub/.m2/repository/io/smallrye/reactive/smallrye-mutiny-vertx-bridge-common/3.11.0/smallrye-mutiny-vertx-bridge-common-3.11.0.jar:/home/vbalasub/.m2/repository/io/smallrye/reactive/smallrye-mutiny-vertx-uri-template/3.11.0/smallrye-mutiny-vertx-uri-template-3.11.0.jar:/home/vbalasub/.m2/repository/io/vertx/vertx-uri-template/4.5.7/vertx-uri-template-4.5.7.jar:/home/vbalasub/.m2/repository/io/vertx/vertx-web/4.5.7/vertx-web-4.5.7.jar:/home/vbalasub/.m2/repository/io/vertx/vertx-web-common/4.5.7/vertx-web-common-4.5.7.jar:/home/vbalasub/.m2/repository/io/vertx/vertx-auth-common/4.5.7/vertx-auth-common-4.5.7.jar:/home/vbalasub/.m2/repository/io/vertx/vertx-bridge-common/4.5.7/vertx-bridge-common-4.5.7.jar:/home/vbalasub/.m2/repository/io/github/crac/org-crac/0.1.3/org-crac-0.1.3.jar:/home/vbalasub/.m2/repository/org/webjars/npm/bootstrap/5.1.3/bootstrap-5.1.3.jar:/home/vbalasub/.m2/repository/org/webjars/npm/font-awesome/4.7.0/font-awesome-4.7.0.jar:/home/vbalasub/.m2/repository/io/quarkus/quarkus-junit5/3.8.4/quarkus-junit5-3.8.4.jar:/home/vbalasub/.m2/repository/io/quarkus/quarkus-bootstrap-core/3.8.4/quarkus-bootstrap-core-3.8.4.jar:/home/vbalasub/.m2/repository/io/quarkus/quarkus-bootstrap-app-model/3.8.4/quarkus-bootstrap-app-model-3.8.4.jar:/home/vbalasub/.m2/repository/io/smallrye/common/smallrye-common-io/2.2.0/smallrye-common-io-2.2.0.jar:/home/vbalasub/.m2/repository/org/eclipse/sisu/org.eclipse.sisu.inject/0.9.0.M2/org.eclipse.sisu.inject-0.9.0.M2.jar:/home/vbalasub/.m2/repository/io/quarkus/quarkus-test-common/3.8.4/quarkus-test-common-3.8.4.jar:/home/vbalasub/.m2/repository/io/quarkus/quarkus-core-deployment/3.8.4/quarkus-core-deployment-3.8.4.jar:/home/vbalasub/.m2/repository/org/aesh/readline/2.4/readline-2.4.jar:/home/vbalasub/.m2/repository/org/fusesource/jansi/jansi/2.4.0/jansi-2.4.0.jar:/home/vbalasub/.m2/repository/org/aesh/aesh/2.7/aesh-2.7.jar:/home/vbalasub/.m2/repository/io/quarkus/gizmo/gizmo/1.7.0/gizmo-1.7.0.jar:/home/vbalasub/.m2/repository/org/ow2/asm/asm-util/9.6/asm-util-9.6.jar:/home/vbalasub/.m2/repository/org/ow2/asm/asm-analysis/9.6/asm-analysis-9.6.jar:/home/vbalasub/.m2/repository/org/ow2/asm/asm/9.6/asm-9.6.jar:/home/vbalasub/.m2/repository/org/ow2/asm/asm-commons/9.6/asm-commons-9.6.jar:/home/vbalasub/.m2/repository/org/ow2/asm/asm-tree/9.6/asm-tree-9.6.jar:/home/vbalasub/.m2/repository/io/quarkus/quarkus-class-change-agent/3.8.4/quarkus-class-change-agent-3.8.4.jar:/home/vbalasub/.m2/repository/io/quarkus/quarkus-devtools-utilities/3.8.4/quarkus-devtools-utilities-3.8.4.jar:/home/vbalasub/.m2/repository/io/quarkus/quarkus-builder/3.8.4/quarkus-builder-3.8.4.jar:/home/vbalasub/.m2/repository/org/graalvm/sdk/nativeimage/23.1.2/nativeimage-23.1.2.jar:/home/vbalasub/.m2/repository/org/graalvm/sdk/word/23.1.2/word-23.1.2.jar:/home/vbalasub/.m2/repository/org/junit/platform/junit-platform-launcher/1.10.1/junit-platform-launcher-1.10.1.jar:/home/vbalasub/.m2/repository/io/quarkus/quarkus-bootstrap-maven-resolver/3.8.4/quarkus-bootstrap-maven-resolver-3.8.4.jar:/home/vbalasub/.m2/repository/io/smallrye/beanbag/smallrye-beanbag-maven/1.4.0/smallrye-beanbag-maven-1.4.0.jar:/home/vbalasub/.m2/repository/io/smallrye/beanbag/smallrye-beanbag-sisu/1.4.0/smallrye-beanbag-sisu-1.4.0.jar:/home/vbalasub/.m2/repository/io/smallrye/beanbag/smallrye-beanbag/1.4.0/smallrye-beanbag-1.4.0.jar:/home/vbalasub/.m2/repository/javax/inject/javax.inject/1/javax.inject-1.jar:/home/vbalasub/.m2/repository/org/apache/maven/maven-artifact/3.9.6/maven-artifact-3.9.6.jar:/home/vbalasub/.m2/repository/org/apache/maven/maven-builder-support/3.9.6/maven-builder-support-3.9.6.jar:/home/vbalasub/.m2/repository/org/apache/maven/maven-model/3.9.6/maven-model-3.9.6.jar:/home/vbalasub/.m2/repository/org/apache/maven/maven-model-builder/3.9.6/maven-model-builder-3.9.6.jar:/home/vbalasub/.m2/repository/org/apache/maven/maven-repository-metadata/3.9.6/maven-repository-metadata-3.9.6.jar:/home/vbalasub/.m2/repository/org/apache/maven/maven-settings/3.9.6/maven-settings-3.9.6.jar:/home/vbalasub/.m2/repository/org/apache/maven/resolver/maven-resolver-api/1.9.18/maven-resolver-api-1.9.18.jar:/home/vbalasub/.m2/repository/org/apache/maven/resolver/maven-resolver-impl/1.9.18/maven-resolver-impl-1.9.18.jar:/home/vbalasub/.m2/repository/org/apache/maven/resolver/maven-resolver-named-locks/1.9.18/maven-resolver-named-locks-1.9.18.jar:/home/vbalasub/.m2/repository/org/apache/maven/resolver/maven-resolver-spi/1.9.18/maven-resolver-spi-1.9.18.jar:/home/vbalasub/.m2/repository/org/apache/maven/resolver/maven-resolver-util/1.9.18/maven-resolver-util-1.9.18.jar:/home/vbalasub/.m2/repository/org/apache/maven/resolver/maven-resolver-transport-http/1.9.18/maven-resolver-transport-http-1.9.18.jar:/home/vbalasub/.m2/repository/org/apache/maven/wagon/wagon-provider-api/3.5.3/wagon-provider-api-3.5.3.jar:/home/vbalasub/.m2/repository/org/apache/maven/wagon/wagon-http-shared/3.5.3/wagon-http-shared-3.5.3.jar:/home/vbalasub/.m2/repository/org/codehaus/plexus/plexus-interpolation/1.26/plexus-interpolation-1.26.jar:/home/vbalasub/.m2/repository/org/codehaus/plexus/plexus-utils/3.5.1/plexus-utils-3.5.1.jar:/home/vbalasub/.m2/repository/org/codehaus/plexus/plexus-xml/4.0.0/plexus-xml-4.0.0.jar:/home/vbalasub/.m2/repository/org/apache/maven/maven-xml-impl/4.0.0-alpha-5/maven-xml-impl-4.0.0-alpha-5.jar:/home/vbalasub/.m2/repository/org/apache/maven/maven-api-xml/4.0.0-alpha-5/maven-api-xml-4.0.0-alpha-5.jar:/home/vbalasub/.m2/repository/org/apache/maven/maven-api-meta/4.0.0-alpha-5/maven-api-meta-4.0.0-alpha-5.jar:/home/vbalasub/.m2/repository/org/codehaus/plexus/plexus-cipher/2.0/plexus-cipher-2.0.jar:/home/vbalasub/.m2/repository/org/codehaus/plexus/plexus-sec-dispatcher/2.0/plexus-sec-dispatcher-2.0.jar:/home/vbalasub/.m2/repository/org/apache/maven/maven-embedder/3.9.6/maven-embedder-3.9.6.jar:/home/vbalasub/.m2/repository/org/apache/maven/maven-core/3.9.6/maven-core-3.9.6.jar:/home/vbalasub/.m2/repository/org/codehaus/plexus/plexus-component-annotations/2.1.0/plexus-component-annotations-2.1.0.jar:/home/vbalasub/.m2/repository/org/apache/maven/maven-plugin-api/3.9.6/maven-plugin-api-3.9.6.jar:/home/vbalasub/.m2/repository/org/apache/maven/shared/maven-shared-utils/3.3.4/maven-shared-utils-3.3.4.jar:/home/vbalasub/.m2/repository/com/google/inject/guice/5.1.0/guice-5.1.0.jar:/home/vbalasub/.m2/repository/aopalliance/aopalliance/1.0/aopalliance-1.0.jar:/home/vbalasub/.m2/repository/com/google/guava/guava/33.0.0-jre/guava-33.0.0-jre.jar:/home/vbalasub/.m2/repository/com/google/guava/failureaccess/1.0.1/failureaccess-1.0.1.jar:/home/vbalasub/.m2/repository/javax/annotation/javax.annotation-api/1.3.2/javax.annotation-api-1.3.2.jar:/home/vbalasub/.m2/repository/org/codehaus/plexus/plexus-classworlds/2.6.0/plexus-classworlds-2.6.0.jar:/home/vbalasub/.m2/repository/commons-cli/commons-cli/1.5.0/commons-cli-1.5.0.jar:/home/vbalasub/.m2/repository/org/eclipse/sisu/org.eclipse.sisu.plexus/0.9.0.M2/org.eclipse.sisu.plexus-0.9.0.M2.jar:/home/vbalasub/.m2/repository/org/apache/maven/maven-settings-builder/3.9.6/maven-settings-builder-3.9.6.jar:/home/vbalasub/.m2/repository/org/apache/maven/maven-resolver-provider/3.9.6/maven-resolver-provider-3.9.6.jar:/home/vbalasub/.m2/repository/org/apache/maven/resolver/maven-resolver-connector-basic/1.9.18/maven-resolver-connector-basic-1.9.18.jar:/home/vbalasub/.m2/repository/org/apache/maven/resolver/maven-resolver-transport-wagon/1.9.18/maven-resolver-transport-wagon-1.9.18.jar:/home/vbalasub/.m2/repository/org/apache/maven/wagon/wagon-http/3.5.3/wagon-http-3.5.3.jar:/home/vbalasub/.m2/repository/org/apache/maven/wagon/wagon-file/3.5.3/wagon-file-3.5.3.jar:/home/vbalasub/.m2/repository/io/quarkus/quarkus-bootstrap-gradle-resolver/3.8.4/quarkus-bootstrap-gradle-resolver-3.8.4.jar:/home/vbalasub/.m2/repository/io/smallrye/jandex/3.1.6/jandex-3.1.6.jar:/home/vbalasub/.m2/repository/commons-io/commons-io/2.15.1/commons-io-2.15.1.jar:/home/vbalasub/.m2/repository/io/quarkus/quarkus-junit5-properties/3.8.4/quarkus-junit5-properties-3.8.4.jar:/home/vbalasub/.m2/repository/org/junit/jupiter/junit-jupiter/5.10.1/junit-jupiter-5.10.1.jar:/home/vbalasub/.m2/repository/org/junit/jupiter/junit-jupiter-api/5.10.1/junit-jupiter-api-5.10.1.jar:/home/vbalasub/.m2/repository/org/opentest4j/opentest4j/1.3.0/opentest4j-1.3.0.jar:/home/vbalasub/.m2/repository/org/junit/platform/junit-platform-commons/1.10.1/junit-platform-commons-1.10.1.jar:/home/vbalasub/.m2/repository/org/apiguardian/apiguardian-api/1.1.2/apiguardian-api-1.1.2.jar:/home/vbalasub/.m2/repository/org/junit/jupiter/junit-jupiter-params/5.10.1/junit-jupiter-params-5.10.1.jar:/home/vbalasub/.m2/repository/org/junit/jupiter/junit-jupiter-engine/5.10.1/junit-jupiter-engine-5.10.1.jar:/home/vbalasub/.m2/repository/org/junit/platform/junit-platform-engine/1.10.1/junit-platform-engine-1.10.1.jar:/home/vbalasub/.m2/repository/com/thoughtworks/xstream/xstream/1.4.20/xstream-1.4.20.jar:/home/vbalasub/.m2/repository/io/github/x-stream/mxparser/1.2.2/mxparser-1.2.2.jar:/home/vbalasub/.m2/repository/xmlpull/xmlpull/1.1.3.1/xmlpull-1.1.3.1.jar:/home/vbalasub/.m2/repository/io/rest-assured/rest-assured/5.4.0/rest-assured-5.4.0.jar:/home/vbalasub/.m2/repository/org/apache/groovy/groovy/4.0.16/groovy-4.0.16.jar:/home/vbalasub/.m2/repository/org/apache/groovy/groovy-xml/4.0.16/groovy-xml-4.0.16.jar:/home/vbalasub/.m2/repository/org/apache/httpcomponents/httpclient/4.5.14/httpclient-4.5.14.jar:/home/vbalasub/.m2/repository/org/apache/httpcomponents/httpcore/4.4.16/httpcore-4.4.16.jar:/home/vbalasub/.m2/repository/commons-codec/commons-codec/1.16.1/commons-codec-1.16.1.jar:/home/vbalasub/.m2/repository/org/apache/httpcomponents/httpmime/4.5.14/httpmime-4.5.14.jar:/home/vbalasub/.m2/repository/org/hamcrest/hamcrest/2.2/hamcrest-2.2.jar:/home/vbalasub/.m2/repository/org/ccil/cowan/tagsoup/tagsoup/1.2.1/tagsoup-1.2.1.jar:/home/vbalasub/.m2/repository/io/rest-assured/json-path/5.4.0/json-path-5.4.0.jar:/home/vbalasub/.m2/repository/org/apache/groovy/groovy-json/4.0.16/groovy-json-4.0.16.jar:/home/vbalasub/.m2/repository/io/rest-assured/rest-assured-common/5.4.0/rest-assured-common-5.4.0.jar:/home/vbalasub/.m2/repository/io/rest-assured/xml-path/5.4.0/xml-path-5.4.0.jar:/home/vbalasub/.m2/repository/org/apache/commons/commons-lang3/3.14.0/commons-lang3-3.14.0.jar:"/>
    <property name="sun.cpu.endian" value="little"/>
    <property name="vertx.disableWebsockets" value="true"/>
    <property name="user.home" value="/home/vbalasub"/>
    <property name="user.language" value="en"/>
    <property name="jboss.log-version" value="false"/>
    <property name="java.specification.vendor" value="Oracle Corporation"/>
    <property name="io.netty.allocator.maxOrder" value="3"/>
    <property name="java.version.date" value="2023-07-18"/>
    <property name="java.home" value="/usr/lib/jvm/java-17-openjdk-17.0.8.0.7-1.fc37.x86_64"/>
    <property name="file.separator" value="/"/>
    <property name="basedir" value="/home/vbalasub/DEV/openshift-quickstarts/quarkus-petclinic"/>
    <property name="java.vm.compressedOopsMode" value="Zero based"/>
    <property name="line.separator" value="&#10;"/>
    <property name="java.specification.name" value="Java Platform API Specification"/>
    <property name="java.vm.specification.vendor" value="Oracle Corporation"/>
    <property name="surefire.real.class.path" value="/home/vbalasub/DEV/openshift-quickstarts/quarkus-petclinic/target/surefire/surefirebooter-20240610142401401_3.jar"/>
    <property name="sun.management.compiler" value="HotSpot 64-Bit Tiered Compilers"/>
    <property name="java.runtime.version" value="17.0.8+7"/>
    <property name="user.name" value="vbalasub"/>
    <property name="path.separator" value=":"/>
    <property name="os.version" value="6.5.12-100.fc37.x86_64"/>
    <property name="java.runtime.name" value="OpenJDK Runtime Environment"/>
    <property name="file.encoding" value="UTF-8"/>
    <property name="java.vm.name" value="OpenJDK 64-Bit Server VM"/>
    <property name="java.vendor.version" value="(Red_Hat-17.0.8.0.7-1.fc37)"/>
    <property name="localRepository" value="/home/vbalasub/.m2/repository"/>
    <property name="java.vendor.url.bug" value="https://bugzilla.redhat.com/enter_bug.cgi?product=Fedora&amp;component=java-17-openjdk-portable&amp;version=37"/>
    <property name="java.io.tmpdir" value="/tmp"/>
    <property name="quarkus.log.file.path" value="target/quarkus.log"/>
    <property name="java.version" value="17.0.8"/>
    <property name="java.util.concurrent.ForkJoinPool.common.threadFactory" value="io.quarkus.bootstrap.forkjoin.QuarkusForkJoinWorkerThreadFactory"/>
    <property name="user.dir" value="/home/vbalasub/DEV/openshift-quickstarts/quarkus-petclinic"/>
    <property name="os.arch" value="amd64"/>
    <property name="java.vm.specification.name" value="Java Virtual Machine Specification"/>
    <property name="vertx.disableDnsResolver" value="true"/>
    <property name="native.encoding" value="UTF-8"/>
    <property name="java.util.logging.manager" value="org.jboss.logmanager.LogManager"/>
    <property name="java.library.path" value="/usr/java/packages/lib:/usr/lib64:/lib64:/lib:/usr/lib"/>
    <property name="java.vm.info" value="mixed mode, sharing"/>
    <property name="java.vendor" value="Red Hat, Inc."/>
    <property name="vertx.disableTCCL" value="true"/>
    <property name="java.vm.version" value="17.0.8+7"/>
    <property name="sun.io.unicode.encoding" value="UnicodeLittle"/>
    <property name="io.netty.machineId" value="9f:f6:90:77:7c:64:5f:86"/>
    <property name="java.class.version" value="61.0"/>
  </properties>
  <testcase name="vertPage" classname="org.quarkus.samples.petclinic.VetsResourceTest" time="0.025">
    <system-out><![CDATA[Hibernate: 
    select
        v1_0.id,
        v1_0.first_name,
        v1_0.last_name 
    from
        vets v1_0
Hibernate: 
    select
        s1_0.vet_id,
        s1_1.id,
        s1_1.name 
    from
        vet_specialties s1_0 
    join
        specialties s1_1 
            on s1_1.id=s1_0.specialty_id 
    where
        s1_0.vet_id in (?, ?, ?, ?, ?, ?, ?, ?, ?, ?, ?, ?, ?, ?, ?, ?)
[Person [firstName=James, lastName=Carter] Vet [specialties=[Specialty [name=surgery]]], Person [firstName=Helen, lastName=Leary] Vet [specialties=[Specialty [name=dentistry]]], Person [firstName=Linda, lastName=Douglas] Vet [specialties=[Specialty [name=dentistry]]], Person [firstName=Rafael, lastName=Ortega] Vet [specialties=[]], Person [firstName=Henry, lastName=Stevens] Vet [specialties=[]], Person [firstName=Sharon, lastName=Jenkins] Vet [specialties=[]]]
]]></system-out>
  </testcase>
</testsuite>